# JRE version: OpenJDK Runtime Environment (11.0.10) (build 11.0.10+0-b96-7249189)
# Java VM: OpenJDK 64-Bit Server VM (11.0.10+0-b96-7249189, mixed mode, tiered, compressed oops, g1 gc, windows-amd64)
Heap:
 garbage-first heap   total 588800K, used 505687K [0x0000000080000000, 0x0000000100000000)
  region size 1024K, 331 young (338944K), 15 survivors (15360K)
 Metaspace       used 128647K, capacity 131866K, committed 131968K, reserved 1163264K
  class space    used 16217K, capacity 17451K, committed 17536K, reserved 1048576K
GC Heap History (20 events):
Event: 3673.734 GC heap before
{Heap before GC invocations=101 (full 0):
 garbage-first heap   total 458752K, used 393110K [0x0000000080000000, 0x0000000100000000)
  region size 1024K, 243 young (248832K), 19 survivors (19456K)
 Metaspace       used 127931K, capacity 131053K, committed 131456K, reserved 1163264K
  class space    used 16150K, capacity 17351K, committed 17536K, reserved 1048576K
}
Event: 3673.760 GC heap after
{Heap after GC invocations=102 (full 0):
 garbage-first heap   total 458752K, used 164423K [0x0000000080000000, 0x0000000100000000)
  region size 1024K, 18 young (18432K), 18 survivors (18432K)
 Metaspace       used 127931K, capacity 131053K, committed 131456K, reserved 1163264K
  class space    used 16150K, capacity 17351K, committed 17536K, reserved 1048576K
}
Event: 3674.269 GC heap before
{Heap before GC invocations=102 (full 0):
 garbage-first heap   total 458752K, used 392775K [0x0000000080000000, 0x0000000100000000)
  region size 1024K, 242 young (247808K), 18 survivors (18432K)
 Metaspace       used 127986K, capacity 131121K, committed 131456K, reserved 1163264K
  class space    used 16150K, capacity 17351K, committed 17536K, reserved 1048576K
}
Event: 3674.313 GC heap after
{Heap after GC invocations=103 (full 0):
 garbage-first heap   total 524288K, used 167747K [0x0000000080000000, 0x0000000100000000)
  region size 1024K, 19 young (19456K), 19 survivors (19456K)
 Metaspace       used 127986K, capacity 131121K, committed 131456K, reserved 1163264K
  class space    used 16150K, capacity 17351K, committed 17536K, reserved 1048576K
}
Event: 3675.272 GC heap before
{Heap before GC invocations=103 (full 0):
 garbage-first heap   total 524288K, used 439107K [0x0000000080000000, 0x0000000100000000)
  region size 1024K, 284 young (290816K), 19 survivors (19456K)
 Metaspace       used 128454K, capacity 131680K, committed 131968K, reserved 1163264K
  class space    used 16207K, capacity 17436K, committed 17536K, reserved 1048576K
}
Event: 3675.294 GC heap after
{Heap after GC invocations=104 (full 0):
 garbage-first heap   total 524288K, used 168760K [0x0000000080000000, 0x0000000100000000)
  region size 1024K, 20 young (20480K), 20 survivors (20480K)
 Metaspace       used 128454K, capacity 131680K, committed 131968K, reserved 1163264K
  class space    used 16207K, capacity 17436K, committed 17536K, reserved 1048576K
}
Event: 3676.163 GC heap before
{Heap before GC invocations=104 (full 0):
 garbage-first heap   total 524288K, used 450360K [0x0000000080000000, 0x0000000100000000)
  region size 1024K, 294 young (301056K), 20 survivors (20480K)
 Metaspace       used 128491K, capacity 131690K, committed 131968K, reserved 1163264K
  class space    used 16208K, capacity 17437K, committed 17536K, reserved 1048576K
}
Event: 3676.189 GC heap after
{Heap after GC invocations=105 (full 0):
 garbage-first heap   total 524288K, used 172443K [0x0000000080000000, 0x0000000100000000)
  region size 1024K, 23 young (23552K), 23 survivors (23552K)
 Metaspace       used 128491K, capacity 131690K, committed 131968K, reserved 1163264K
  class space    used 16208K, capacity 17437K, committed 17536K, reserved 1048576K
}
Event: 3677.024 GC heap before
{Heap before GC invocations=105 (full 0):
 garbage-first heap   total 524288K, used 446875K [0x0000000080000000, 0x0000000100000000)
  region size 1024K, 291 young (297984K), 23 survivors (23552K)
 Metaspace       used 128517K, capacity 131703K, committed 131968K, reserved 1163264K
  class space    used 16210K, capacity 17442K, committed 17536K, reserved 1048576K
}
Event: 3677.064 GC heap after
{Heap after GC invocations=106 (full 0):
 garbage-first heap   total 524288K, used 177661K [0x0000000080000000, 0x0000000100000000)
  region size 1024K, 25 young (25600K), 25 survivors (25600K)
 Metaspace       used 128517K, capacity 131703K, committed 131968K, reserved 1163264K
  class space    used 16210K, capacity 17442K, committed 17536K, reserved 1048576K
}
Event: 3677.851 GC heap before
{Heap before GC invocations=106 (full 0):
 garbage-first heap   total 524288K, used 444925K [0x0000000080000000, 0x0000000100000000)
  region size 1024K, 286 young (292864K), 25 survivors (25600K)
 Metaspace       used 128535K, capacity 131781K, committed 131968K, reserved 1163264K
  class space    used 16213K, capacity 17447K, committed 17536K, reserved 1048576K
}
Event: 3677.879 GC heap after
{Heap after GC invocations=107 (full 0):
 garbage-first heap   total 524288K, used 183121K [0x0000000080000000, 0x0000000100000000)
  region size 1024K, 25 young (25600K), 25 survivors (25600K)
 Metaspace       used 128535K, capacity 131781K, committed 131968K, reserved 1163264K
  class space    used 16213K, capacity 17447K, committed 17536K, reserved 1048576K
}
Event: 3679.073 GC heap before
{Heap before GC invocations=107 (full 0):
 garbage-first heap   total 524288K, used 446289K [0x0000000080000000, 0x0000000100000000)
  region size 1024K, 280 young (286720K), 25 survivors (25600K)
 Metaspace       used 128554K, capacity 131782K, committed 131968K, reserved 1163264K
  class space    used 16213K, capacity 17447K, committed 17536K, reserved 1048576K
}
Event: 3679.102 GC heap after
{Heap after GC invocations=108 (full 0):
 garbage-first heap   total 588800K, used 178006K [0x0000000080000000, 0x0000000100000000)
  region size 1024K, 11 young (11264K), 11 survivors (11264K)
 Metaspace       used 128554K, capacity 131782K, committed 131968K, reserved 1163264K
  class space    used 16213K, capacity 17447K, committed 17536K, reserved 1048576K
}
Event: 3682.286 GC heap before
{Heap before GC invocations=108 (full 0):
 garbage-first heap   total 588800K, used 496470K [0x0000000080000000, 0x0000000100000000)
  region size 1024K, 321 young (328704K), 11 survivors (11264K)
 Metaspace       used 128565K, capacity 131783K, committed 131968K, reserved 1163264K
  class space    used 16213K, capacity 17447K, committed 17536K, reserved 1048576K
}
Event: 3682.306 GC heap after
{Heap after GC invocations=109 (full 0):
 garbage-first heap   total 588800K, used 178454K [0x0000000080000000, 0x0000000100000000)
  region size 1024K, 11 young (11264K), 11 survivors (11264K)
 Metaspace       used 128565K, capacity 131783K, committed 131968K, reserved 1163264K
  class space    used 16213K, capacity 17447K, committed 17536K, reserved 1048576K
}
Event: 3686.581 GC heap before
{Heap before GC invocations=109 (full 0):
 garbage-first heap   total 588800K, used 504086K [0x0000000080000000, 0x0000000100000000)
  region size 1024K, 327 young (334848K), 11 survivors (11264K)
 Metaspace       used 128597K, capacity 131788K, committed 131968K, reserved 1163264K
  class space    used 16215K, capacity 17447K, committed 17536K, reserved 1048576K
}
Event: 3686.616 GC heap after
{Heap after GC invocations=110 (full 0):
 garbage-first heap   total 588800K, used 178786K [0x0000000080000000, 0x0000000100000000)
  region size 1024K, 12 young (12288K), 12 survivors (12288K)
 Metaspace       used 128597K, capacity 131788K, committed 131968K, reserved 1163264K
  class space    used 16215K, capacity 17447K, committed 17536K, reserved 1048576K
}
Event: 3690.702 GC heap before
{Heap before GC invocations=110 (full 0):
 garbage-first heap   total 588800K, used 505442K [0x0000000080000000, 0x0000000100000000)
  region size 1024K, 332 young (339968K), 12 survivors (12288K)
 Metaspace       used 128631K, capacity 131858K, committed 131968K, reserved 1163264K
  class space    used 16216K, capacity 17448K, committed 17536K, reserved 1048576K
}
Event: 3690.779 GC heap after
{Heap after GC invocations=111 (full 0):
 garbage-first heap   total 588800K, used 182103K [0x0000000080000000, 0x0000000100000000)
  region size 1024K, 15 young (15360K), 15 survivors (15360K)
 Metaspace       used 128631K, capacity 131858K, committed 131968K, reserved 1163264K
  class space    used 16216K, capacity 17448K, committed 17536K, reserved 1048576K
}

